<?xml version="1.0" encoding="UTF-8"?>
<testng-results ignored="0" total="1" passed="1" failed="0" skipped="0">
  <reporter-output>
  </reporter-output>
  <suite started-at="2026-02-08T18:38:00 CST" name="Suite" finished-at="2026-02-08T18:38:08 CST" duration-ms="7634">
    <groups>
    </groups>
    <test started-at="2026-02-08T18:38:00 CST" name="UI Tests" finished-at="2026-02-08T18:38:08 CST" duration-ms="7634">
      <class name="com.elnie.tests.SmokeTest">
        <test-method is-config="true" signature="setUp()[pri:0, instance:com.elnie.tests.SmokeTest@306e95ec]" started-at="2026-02-08T18:38:00 CST" name="setUp" finished-at="2026-02-08T18:38:03 CST" duration-ms="2452" status="PASS">
          <reporter-output>
          </reporter-output>
        </test-method> <!-- setUp -->
        <test-method signature="openBrowserAndWait()[pri:0, instance:com.elnie.tests.SmokeTest@306e95ec]" started-at="2026-02-08T18:38:03 CST" name="openBrowserAndWait" finished-at="2026-02-08T18:38:08 CST" duration-ms="5046" status="PASS">
          <reporter-output>
          </reporter-output>
        </test-method> <!-- openBrowserAndWait -->
        <test-method is-config="true" signature="tearDown()[pri:0, instance:com.elnie.tests.SmokeTest@306e95ec]" started-at="2026-02-08T18:38:08 CST" name="tearDown" finished-at="2026-02-08T18:38:08 CST" duration-ms="117" status="PASS">
          <reporter-output>
          </reporter-output>
        </test-method> <!-- tearDown -->
      </class> <!-- com.elnie.tests.SmokeTest -->
    </test> <!-- UI Tests -->
  </suite> <!-- Suite -->
</testng-results>
